2022-12-29 12:18:20 -Starting ChengRobotApplication using Java 17.0.2 on 丞丞 with PID 14728 (C:\Users\31869\IdeaProjects\chengRobot\target\classes started by 31869 in C:\Users\31869\IdeaProjects\chengRobot)
2022-12-29 12:18:20 -Starting ChengRobotApplication using Java 17.0.2 on 丞丞 with PID 14728 (C:\Users\31869\IdeaProjects\chengRobot\target\classes started by 31869 in C:\Users\31869\IdeaProjects\chengRobot)
2022-12-29 12:18:20 -The following 1 profile is active: "dev"
2022-12-29 12:18:20 -The following 1 profile is active: "dev"
2022-12-29 12:18:20 -Property 'spring.profiles' imported from location 'class path resource [application.yml]' is invalid and should be replaced with 'spring.config.activate.on-profile' [origin: class path resource [application.yml] - 69:13]
2022-12-29 12:18:20 -Property 'spring.profiles' imported from location 'class path resource [application.yml]' is invalid and should be replaced with 'spring.config.activate.on-profile' [origin: class path resource [application.yml] - 40:13]
2022-12-29 12:18:21 -Tomcat initialized with port(s): 80 (http)
2022-12-29 12:18:21 -Initializing ProtocolHandler ["http-nio-80"]
2022-12-29 12:18:21 -Starting service [Tomcat]
2022-12-29 12:18:21 -Starting Servlet engine: [Apache Tomcat/9.0.65]
2022-12-29 12:18:21 -Initializing Spring embedded WebApplicationContext
2022-12-29 12:18:21 -Root WebApplicationContext: initialization completed in 842 ms
2022-12-29 12:18:21 -This primary key of "id" is primitive !不建议如此请使用包装类 in Class: "com.cheng.chengRobot.domain.Administrator"
2022-12-29 12:18:22 -Adding welcome page: class path resource [dist/index.html]
2022-12-29 12:18:22 -Cannot find template location: classpath:/templates/ (please add some templates or check your Thymeleaf configuration)
2022-12-29 12:18:22 -Starting ProtocolHandler ["http-nio-80"]
2022-12-29 12:18:22 -Tomcat started on port(s): 80 (http) with context path ''
2022-12-29 12:18:22 -Started ChengRobotApplication in 1.938 seconds (JVM running for 2.487)
2022-12-29 12:18:22 -Started ChengRobotApplication in 1.938 seconds (JVM running for 2.487)
2022-12-29 12:18:22 -{dataSource-1} inited
